<?xml version="1.0" encoding="UTF-8"?>
<!-- Generated by org.testng.reporters.JUnitReportReporter -->
<testsuite hostname="Awais-Office-Laptop" failures="0" tests="1" name="test.Vostro" time="3.679" errors="0" timestamp="2024-07-03T16:30:32 PKT" skipped="0">
  <testcase classname="test.Vostro" name="googleSearch" time="3.679"/>
</testsuite> <!-- test.Vostro -->
